Flow report for full_adder_32_bits
Fri Nov 22 20:34:21 2019
Quartus II 32-bit Version 11.1 Build 259 01/25/2012 Service Pack 2 SJ Web Edition


---------------------
; Table of Contents ;
---------------------
  1. Legal Notice
  2. Flow Summary
  3. Flow Settings
  4. Flow Non-Default Global Settings
  5. Flow Elapsed Time
  6. Flow OS Summary
  7. Flow Log



----------------
; Legal Notice ;
----------------
Copyright (C) 1991-2011 Altera Corporation
Your use of Altera Corporation's design tools, logic functions 
and other software and tools, and its AMPP partner logic 
functions, and any output files from any of the foregoing 
(including device programming or simulation files), and any 
associated documentation or information are expressly subject 
to the terms and conditions of the Altera Program License 
Subscription Agreement, Altera MegaCore Function License 
Agreement, or other applicable license agreement, including, 
without limitation, that your use is for the sole purpose of 
programming logic devices manufactured by Altera and sold by 
Altera or its authorized distributors.  Please refer to the 
applicable agreement for further details.



+------------------------------------------------------------------------------------+
; Flow Summary                                                                       ;
+------------------------------------+-----------------------------------------------+
; Flow Status                        ; Successful - Fri Nov 22 20:34:21 2019         ;
; Quartus II 32-bit Version          ; 11.1 Build 259 01/25/2012 SP 2 SJ Web Edition ;
; Revision Name                      ; full_adder_32_bits                            ;
; Top-level Entity Name              ; full_adder_32_bits                            ;
; Family                             ; Cyclone IV GX                                 ;
; Total logic elements               ; 72                                            ;
;     Total combinational functions  ; 72                                            ;
;     Dedicated logic registers      ; 0                                             ;
; Total registers                    ; 0                                             ;
; Total pins                         ; 98                                            ;
; Total virtual pins                 ; 0                                             ;
; Total memory bits                  ; 0                                             ;
; Embedded Multiplier 9-bit elements ; 0                                             ;
; Total GXB Receiver Channel PCS     ; 0                                             ;
; Total GXB Receiver Channel PMA     ; 0                                             ;
; Total GXB Transmitter Channel PCS  ; 0                                             ;
; Total GXB Transmitter Channel PMA  ; 0                                             ;
; Total PLLs                         ; 0                                             ;
+------------------------------------+-----------------------------------------------+


+-----------------------------------------+
; Flow Settings                           ;
+-------------------+---------------------+
; Option            ; Setting             ;
+-------------------+---------------------+
; Start date & time ; 11/22/2019 20:34:19 ;
; Main task         ; Compilation         ;
; Revision Name     ; full_adder_32_bits  ;
+-------------------+---------------------+


+-----------------------------------------------------------------------------------------------------------------------------+
; Flow Non-Default Global Settings                                                                                            ;
+--------------------------------------+--------------------------------+---------------+-------------+-----------------------+
; Assignment Name                      ; Value                          ; Default Value ; Entity Name ; Section Id            ;
+--------------------------------------+--------------------------------+---------------+-------------+-----------------------+
; COMPILER_SIGNATURE_ID                ; 35490522554699.157446565903752 ; --            ; --          ; --                    ;
; EDA_DESIGN_INSTANCE_NAME             ; NA                             ; --            ; --          ; tb_full_adder_32_bits ;
; EDA_NATIVELINK_SIMULATION_TEST_BENCH ; tb_full_adder_32_bits          ; --            ; --          ; eda_simulation        ;
; EDA_OUTPUT_DATA_FORMAT               ; Vhdl                           ; --            ; --          ; eda_simulation        ;
; EDA_SIMULATION_TOOL                  ; ModelSim-Altera (VHDL)         ; <None>        ; --          ; --                    ;
; EDA_TEST_BENCH_ENABLE_STATUS         ; TEST_BENCH_MODE                ; --            ; --          ; eda_simulation        ;
; EDA_TEST_BENCH_FILE                  ; tb_full_adder_32_bits.vhd      ; --            ; --          ; tb_full_adder_32_bits ;
; EDA_TEST_BENCH_MODULE_NAME           ; tb_full_adder_32_bits          ; --            ; --          ; tb_full_adder_32_bits ;
; EDA_TEST_BENCH_NAME                  ; tb_full_adder_32_bits          ; --            ; --          ; eda_simulation        ;
; EDA_TEST_BENCH_RUN_SIM_FOR           ; 100 s                          ; --            ; --          ; tb_full_adder_32_bits ;
; PARTITION_COLOR                      ; 16764057                       ; --            ; --          ; Top                   ;
; PARTITION_FITTER_PRESERVATION_LEVEL  ; PLACEMENT_AND_ROUTING          ; --            ; --          ; Top                   ;
; PARTITION_NETLIST_TYPE               ; SOURCE                         ; --            ; --          ; Top                   ;
+--------------------------------------+--------------------------------+---------------+-------------+-----------------------+


+--------------------------------------------------------------------------------------------------------------------------+
; Flow Elapsed Time                                                                                                        ;
+----------------------+--------------+-------------------------+---------------------+------------------------------------+
; Module Name          ; Elapsed Time ; Average Processors Used ; Peak Virtual Memory ; Total CPU Time (on all processors) ;
+----------------------+--------------+-------------------------+---------------------+------------------------------------+
; Analysis & Synthesis ; 00:00:02     ; 1.0                     ; 329 MB              ; 00:00:02                           ;
; Total                ; 00:00:02     ; --                      ; --                  ; 00:00:02                           ;
+----------------------+--------------+-------------------------+---------------------+------------------------------------+


+-----------------------------------------------------------------------------------+
; Flow OS Summary                                                                   ;
+----------------------+------------------+-----------+------------+----------------+
; Module Name          ; Machine Hostname ; OS Name   ; OS Version ; Processor type ;
+----------------------+------------------+-----------+------------+----------------+
; Analysis & Synthesis ; EEUFMG-PC        ; Windows 7 ; 6.1        ; x86_64         ;
+----------------------+------------------+-----------+------------+----------------+


------------
; Flow Log ;
------------
quartus_map --read_settings_files=on --write_settings_files=off full_adder_32_bits -c full_adder_32_bits



